<?xml version="1.0" encoding="UTF-8"?>
<testng-results ignored="0" total="2" passed="2" failed="0" skipped="0">
  <reporter-output>
  </reporter-output>
  <suite started-at="2022-02-20T01:37:50Z" name="Suite1" finished-at="2022-02-20T01:37:51Z" duration-ms="767">
    <groups>
      <group name="cucumber">
        <method signature="AbstractTestNGCucumberTests.runScenario(io.cucumber.testng.PickleWrapper, io.cucumber.testng.FeatureWrapper)[pri:0, instance:com.careerhack.runner.TestRunner@3370f42]" name="runScenario" class="io.cucumber.testng.AbstractTestNGCucumberTests"/>
      </group> <!-- cucumber -->
    </groups>
    <test started-at="2022-02-20T01:37:50Z" name="Nopackage" finished-at="2022-02-20T01:37:51Z" duration-ms="767">
      <class name="com.careerhack.runner.TestRunner">
        <test-method is-config="true" signature="setUpClass()[pri:0, instance:com.careerhack.runner.TestRunner@3370f42]" started-at="2022-02-20T01:37:50Z" name="setUpClass" finished-at="2022-02-20T01:37:51Z" duration-ms="465" status="PASS">
          <reporter-output>
          </reporter-output>
        </test-method> <!-- setUpClass -->
        <test-method signature="runScenario(io.cucumber.testng.PickleWrapper, io.cucumber.testng.FeatureWrapper)[pri:0, instance:com.careerhack.runner.TestRunner@3370f42]" started-at="2022-02-20T01:37:51Z" name="runScenario" description="Runs Cucumber Scenarios" data-provider="scenarios" finished-at="2022-02-20T01:37:51Z" duration-ms="250" status="PASS">
          <params>
            <param index="0">
              <value>
                <![CDATA["Perform a simple search"]]>
              </value>
            </param>
            <param index="1">
              <value>
                <![CDATA["Optional[Google search]"]]>
              </value>
            </param>
          </params>
          <reporter-output>
          </reporter-output>
        </test-method> <!-- runScenario -->
        <test-method signature="runScenario(io.cucumber.testng.PickleWrapper, io.cucumber.testng.FeatureWrapper)[pri:0, instance:com.careerhack.runner.TestRunner@3370f42]" started-at="2022-02-20T01:37:51Z" name="runScenario" description="Runs Cucumber Scenarios" data-provider="scenarios" finished-at="2022-02-20T01:37:51Z" duration-ms="7" status="PASS">
          <params>
            <param index="0">
              <value>
                <![CDATA["Perform a simple search"]]>
              </value>
            </param>
            <param index="1">
              <value>
                <![CDATA["Optional[Google search]"]]>
              </value>
            </param>
          </params>
          <reporter-output>
          </reporter-output>
        </test-method> <!-- runScenario -->
        <test-method is-config="true" signature="tearDownClass()[pri:0, instance:com.careerhack.runner.TestRunner@3370f42]" started-at="2022-02-20T01:37:51Z" name="tearDownClass" finished-at="2022-02-20T01:37:51Z" duration-ms="15" status="PASS">
          <reporter-output>
          </reporter-output>
        </test-method> <!-- tearDownClass -->
      </class> <!-- com.careerhack.runner.TestRunner -->
    </test> <!-- Nopackage -->
  </suite> <!-- Suite1 -->
</testng-results>
